# JRE version: Java(TM) SE Runtime Environment (17.0.10+11) (build 17.0.10+11-LTS-240)
# Java VM: Java HotSpot(TM) 64-Bit Server VM (17.0.10+11-LTS-240, mixed mode, sharing, tiered, compressed oops, compressed class ptrs, g1 gc, windows-amd64)
GC Precious Log:
 CPUs: 6 total, 6 available
 Memory: 8125M
 Large Page Support: Disabled
 NUMA Support: Disabled
 Compressed Oops: Enabled (32-bit)
 Heap Region Size: 1M
 Heap Min Capacity: 8M
 Heap Initial Capacity: 128M
 Heap Max Capacity: 2032M
 Pre-touch: Disabled
 Parallel Workers: 6
 Concurrent Workers: 2
 Concurrent Refinement Workers: 6
 Periodic GC: Disabled
Heap:
 garbage-first heap   total 382976K, used 188708K [0x0000000081000000, 0x0000000100000000)
  region size 1024K, 120 young (122880K), 15 survivors (15360K)
 Metaspace       used 92726K, committed 93376K, reserved 1179648K
  class space    used 12472K, committed 12800K, reserved 1048576K
GC Heap History (20 events):
Event: 14.271 GC heap before
{Heap before GC invocations=31 (full 0):
 garbage-first heap   total 172032K, used 138956K [0x0000000081000000, 0x0000000100000000)
  region size 1024K, 68 young (69632K), 2 survivors (2048K)
 Metaspace       used 87947K, committed 88576K, reserved 1179648K
  class space    used 12177K, committed 12480K, reserved 1048576K
}
Event: 14.277 GC heap after
{Heap after GC invocations=32 (full 0):
 garbage-first heap   total 172032K, used 75963K [0x0000000081000000, 0x0000000100000000)
  region size 1024K, 7 young (7168K), 7 survivors (7168K)
 Metaspace       used 87947K, committed 88576K, reserved 1179648K
  class space    used 12177K, committed 12480K, reserved 1048576K
}
Event: 14.285 GC heap before
{Heap before GC invocations=32 (full 0):
 garbage-first heap   total 172032K, used 76987K [0x0000000081000000, 0x0000000100000000)
  region size 1024K, 8 young (8192K), 7 survivors (7168K)
 Metaspace       used 87954K, committed 88576K, reserved 1179648K
  class space    used 12177K, committed 12480K, reserved 1048576K
}
Event: 14.296 GC heap after
{Heap after GC invocations=33 (full 0):
 garbage-first heap   total 172032K, used 63251K [0x0000000081000000, 0x0000000100000000)
  region size 1024K, 1 young (1024K), 1 survivors (1024K)
 Metaspace       used 87954K, committed 88576K, reserved 1179648K
  class space    used 12177K, committed 12480K, reserved 1048576K
}
Event: 14.337 GC heap before
{Heap before GC invocations=33 (full 0):
 garbage-first heap   total 172032K, used 69395K [0x0000000081000000, 0x0000000100000000)
  region size 1024K, 8 young (8192K), 1 survivors (1024K)
 Metaspace       used 88016K, committed 88640K, reserved 1179648K
  class space    used 12177K, committed 12480K, reserved 1048576K
}
Event: 14.340 GC heap after
{Heap after GC invocations=34 (full 0):
 garbage-first heap   total 172032K, used 61424K [0x0000000081000000, 0x0000000100000000)
  region size 1024K, 1 young (1024K), 1 survivors (1024K)
 Metaspace       used 88016K, committed 88640K, reserved 1179648K
  class space    used 12177K, committed 12480K, reserved 1048576K
}
Event: 14.632 GC heap before
{Heap before GC invocations=34 (full 0):
 garbage-first heap   total 172032K, used 139248K [0x0000000081000000, 0x0000000100000000)
  region size 1024K, 77 young (78848K), 1 survivors (1024K)
 Metaspace       used 88466K, committed 89088K, reserved 1179648K
  class space    used 12194K, committed 12480K, reserved 1048576K
}
Event: 14.636 GC heap after
{Heap after GC invocations=35 (full 0):
 garbage-first heap   total 172032K, used 65861K [0x0000000081000000, 0x0000000100000000)
  region size 1024K, 5 young (5120K), 5 survivors (5120K)
 Metaspace       used 88466K, committed 89088K, reserved 1179648K
  class space    used 12194K, committed 12480K, reserved 1048576K
}
Event: 14.994 GC heap before
{Heap before GC invocations=35 (full 0):
 garbage-first heap   total 172032K, used 139589K [0x0000000081000000, 0x0000000100000000)
  region size 1024K, 77 young (78848K), 5 survivors (5120K)
 Metaspace       used 88675K, committed 89344K, reserved 1179648K
  class space    used 12199K, committed 12480K, reserved 1048576K
}
Event: 15.001 GC heap after
{Heap after GC invocations=36 (full 0):
 garbage-first heap   total 382976K, used 71102K [0x0000000081000000, 0x0000000100000000)
  region size 1024K, 10 young (10240K), 10 survivors (10240K)
 Metaspace       used 88675K, committed 89344K, reserved 1179648K
  class space    used 12199K, committed 12480K, reserved 1048576K
}
Event: 16.155 GC heap before
{Heap before GC invocations=36 (full 0):
 garbage-first heap   total 382976K, used 290238K [0x0000000081000000, 0x0000000100000000)
  region size 1024K, 224 young (229376K), 10 survivors (10240K)
 Metaspace       used 89542K, committed 90176K, reserved 1179648K
  class space    used 12231K, committed 12544K, reserved 1048576K
}
Event: 16.165 GC heap after
{Heap after GC invocations=37 (full 0):
 garbage-first heap   total 382976K, used 80839K [0x0000000081000000, 0x0000000100000000)
  region size 1024K, 20 young (20480K), 20 survivors (20480K)
 Metaspace       used 89542K, committed 90176K, reserved 1179648K
  class space    used 12231K, committed 12544K, reserved 1048576K
}
Event: 17.777 GC heap before
{Heap before GC invocations=37 (full 0):
 garbage-first heap   total 382976K, used 289735K [0x0000000081000000, 0x0000000100000000)
  region size 1024K, 224 young (229376K), 20 survivors (20480K)
 Metaspace       used 90649K, committed 91328K, reserved 1179648K
  class space    used 12356K, committed 12672K, reserved 1048576K
}
Event: 17.786 GC heap after
{Heap after GC invocations=38 (full 0):
 garbage-first heap   total 382976K, used 77792K [0x0000000081000000, 0x0000000100000000)
  region size 1024K, 10 young (10240K), 10 survivors (10240K)
 Metaspace       used 90649K, committed 91328K, reserved 1179648K
  class space    used 12356K, committed 12672K, reserved 1048576K
}
Event: 18.713 GC heap before
{Heap before GC invocations=38 (full 0):
 garbage-first heap   total 382976K, used 296928K [0x0000000081000000, 0x0000000100000000)
  region size 1024K, 224 young (229376K), 10 survivors (10240K)
 Metaspace       used 91343K, committed 92032K, reserved 1179648K
  class space    used 12389K, committed 12736K, reserved 1048576K
}
Event: 18.722 GC heap after
{Heap after GC invocations=39 (full 0):
 garbage-first heap   total 382976K, used 82912K [0x0000000081000000, 0x0000000100000000)
  region size 1024K, 15 young (15360K), 15 survivors (15360K)
 Metaspace       used 91343K, committed 92032K, reserved 1179648K
  class space    used 12389K, committed 12736K, reserved 1048576K
}
Event: 19.678 GC heap before
{Heap before GC invocations=39 (full 0):
 garbage-first heap   total 382976K, used 296928K [0x0000000081000000, 0x0000000100000000)
  region size 1024K, 224 young (229376K), 15 survivors (15360K)
 Metaspace       used 91797K, committed 92480K, reserved 1179648K
  class space    used 12414K, committed 12736K, reserved 1048576K
}
Event: 19.684 GC heap after
{Heap after GC invocations=40 (full 0):
 garbage-first heap   total 382976K, used 77637K [0x0000000081000000, 0x0000000100000000)
  region size 1024K, 10 young (10240K), 10 survivors (10240K)
 Metaspace       used 91797K, committed 92480K, reserved 1179648K
  class space    used 12414K, committed 12736K, reserved 1048576K
}
Event: 20.514 GC heap before
{Heap before GC invocations=40 (full 0):
 garbage-first heap   total 382976K, used 295749K [0x0000000081000000, 0x0000000100000000)
  region size 1024K, 224 young (229376K), 10 survivors (10240K)
 Metaspace       used 92391K, committed 93120K, reserved 1179648K
  class space    used 12447K, committed 12800K, reserved 1048576K
}
Event: 20.523 GC heap after
{Heap after GC invocations=41 (full 0):
 garbage-first heap   total 382976K, used 82212K [0x0000000081000000, 0x0000000100000000)
  region size 1024K, 15 young (15360K), 15 survivors (15360K)
 Metaspace       used 92391K, committed 93120K, reserved 1179648K
  class space    used 12447K, committed 12800K, reserved 1048576K
}

